Failed to create bus connection: No such file or directory
-- Attaching packages --------------------------------------- tidyverse 1.3.2 --
v ggplot2 3.4.0      v purrr   0.3.5 
v tibble  3.1.8      v dplyr   1.0.10
v tidyr   1.2.1      v stringr 1.4.1 
v readr   2.1.3      v forcats 0.5.2 

[conflicted] Will prefer dplyr::filter over any other package
[conflicted] Will prefer dplyr::rename over any other package
[conflicted] Will prefer dplyr::select over any other package
[conflicted] Will prefer purrr::map over any other package
[conflicted] Will prefer magrittr::extract over any other package
[conflicted] Will prefer ggplot2::Position over any other package
During startup - Warning message:
In system("timedatectl", intern = TRUE) :
  running command 'timedatectl' had status 1
Loading required package: stats4
Loading required package: BiocGenerics

Attaching package: 'BiocGenerics'

The following objects are masked from 'package:stats':

    IQR, mad, sd, var, xtabs

The following objects are masked from 'package:dplyr':

    combine, intersect, setdiff, union

The following objects are masked from 'package:base':

    Filter, Find, Map, Position, Reduce, anyDuplicated, append,
    as.data.frame, basename, cbind, colnames, dirname, do.call,
    duplicated, eval, evalq, get, grep, grepl, intersect, is.unsorted,
    lapply, mapply, match, mget, order, paste, pmax, pmax.int, pmin,
    pmin.int, rank, rbind, rownames, sapply, setdiff, sort, table,
    tapply, union, unique, unsplit, which.max, which.min

Loading required package: S4Vectors

Attaching package: 'S4Vectors'

The following objects are masked from 'package:data.table':

    first, second

The following objects are masked from 'package:dplyr':

    first, rename

The following object is masked from 'package:tidyr':

    expand

The following objects are masked from 'package:base':

    I, expand.grid, unname

Loading required package: IRanges

Attaching package: 'IRanges'

The following object is masked from 'package:data.table':

    shift

The following objects are masked from 'package:dplyr':

    collapse, desc, slice

The following object is masked from 'package:purrr':

    reduce

Loading required package: GenomeInfoDb
Loading required package: BSgenome
Loading required package: Biostrings
Loading required package: XVector

Attaching package: 'XVector'

The following object is masked from 'package:purrr':

    compact


Attaching package: 'Biostrings'

The following object is masked from 'package:base':

    strsplit

[conflicted] Removing existing preference
[conflicted] Will prefer dplyr::filter over any other package
[conflicted] Removing existing preference
[conflicted] Will prefer dplyr::rename over any other package
[conflicted] Will prefer dplyr::lag over any other package
[conflicted] Will prefer dplyr::between over any other package
[conflicted] Removing existing preference
[conflicted] Will prefer dplyr::select over any other package
[conflicted] Will prefer dplyr::slice over any other package
[conflicted] Removing existing preference
[conflicted] Will prefer purrr::map over any other package
[conflicted] Removing existing preference
[conflicted] Will prefer magrittr::extract over any other package
[conflicted] Will prefer IRanges::reduce over any other package
[conflicted] Will prefer dplyr::desc over any other package
[conflicted] Will prefer spgs::reverseComplement over any other package
Error: 'CTCF_cohesin_peaks_coords.tsv' does not exist in current working directory ('/g/strcombio/fsupek_cancer3/malvarez/WGS_tumors/somatic_variation/TCGA_PCAWG_Hartwig_CPTAC_POG_MMRFCOMMPASS/SHM/CTCF_cohesin/1_CTCF_cohesin_peaks_coords/trinucleotide_matching_tracks/work/c6/a348df7e41a8d56d5b337c6e672a01').
In addition: Warning messages:
1: In seqinfo(ranges) : Couldn't open CTCF_cohesin_peaks_coords.bw
2: In open.connection(con, open) :
  cannot open file 'CTCF_cohesin_peaks_coords.bedGraph': No such file or directory
3: In open.connection(con, open) :
  cannot open file 'CTCF_cohesin_peaks_coords.bed': No such file or directory
Execution halted
